 
--------------------------------------
Starting Mint bash script:
Sun Feb 26 17:40:45 PST 2017
 
Starting main.py:
 
 
Finished main.py:
Finished bash script:
Sun Feb 26 17:41:45 PST 2017
--------------------------------------
 
--------------------------------------
Starting Mint bash script:
Mon Feb 27 17:37:54 PST 2017
 
Starting main.py:
 
 
Finished main.py:
Finished bash script:
Mon Feb 27 17:39:02 PST 2017
--------------------------------------
 
--------------------------------------
Starting Mint bash script:
Tue Feb 28 16:38:08 PST 2017
 
Starting main.py:
 
 
Finished main.py:
Finished bash script:
Tue Feb 28 16:39:09 PST 2017
--------------------------------------
 
--------------------------------------
Starting Mint bash script:
Wed Mar  1 15:15:23 PST 2017
 
Starting main.py:
 
 
Finished main.py:
Finished bash script:
Wed Mar  1 15:16:23 PST 2017
--------------------------------------
 
--------------------------------------
Starting Mint bash script:
Thu Mar  2 13:15:13 PST 2017
 
Starting main.py:
 
 
Finished main.py:
Finished bash script:
Thu Mar  2 13:16:14 PST 2017
--------------------------------------
 
--------------------------------------
Starting Mint bash script:
Fri Mar  3 02:10:16 PST 2017
 
Starting main.py:
 
 
Finished main.py:
Finished bash script:
Fri Mar  3 02:11:17 PST 2017
--------------------------------------
 
--------------------------------------
Starting Mint bash script:
Sat Mar  4 10:48:50 PST 2017
 
Starting main.py:
 
 
Finished main.py:
Finished bash script:
Sat Mar  4 10:49:52 PST 2017
--------------------------------------
 
--------------------------------------
Starting Mint bash script:
Sat Mar  4 22:37:26 PST 2017
 
Starting main.py:
 
 
Finished main.py:
Finished bash script:
Sat Mar  4 22:38:26 PST 2017
--------------------------------------
 
--------------------------------------
Starting Mint bash script:
Sun Mar  5 19:46:03 PST 2017
 
Starting main.py:
 
 
Finished main.py:
Finished bash script:
Sun Mar  5 19:47:03 PST 2017
--------------------------------------
 
--------------------------------------
Starting Mint bash script:
Sun Mar  5 22:51:11 PST 2017
 
Starting main.py:
 
 
Finished main.py:
Finished bash script:
Sun Mar  5 22:52:12 PST 2017
--------------------------------------
 
--------------------------------------
Starting Mint bash script:
Mon Mar  6 11:00:23 PST 2017
 
Starting main.py:
 
 
Finished main.py:
Finished bash script:
Mon Mar  6 11:01:25 PST 2017
--------------------------------------
 
--------------------------------------
Starting Mint bash script:
Wed Mar  8 10:21:49 PST 2017
 
Starting main.py:
 
 
Finished main.py:
Finished bash script:
Wed Mar  8 10:22:50 PST 2017
--------------------------------------
 
--------------------------------------
Starting Mint bash script:
Fri Mar 10 14:04:08 PST 2017
 
Starting main.py:
 
 
Finished main.py:
Finished bash script:
Fri Mar 10 14:05:09 PST 2017
--------------------------------------
 
--------------------------------------
Starting Mint bash script:
Sun Mar 12 11:23:29 PDT 2017
 
Starting main.py:
 
 
Finished main.py:
Finished bash script:
Sun Mar 12 11:24:29 PDT 2017
--------------------------------------
 
--------------------------------------
Starting Mint bash script:
Tue Mar 14 09:42:33 PDT 2017
 
Starting main.py:
 
 
Finished main.py:
Finished bash script:
Tue Mar 14 09:43:35 PDT 2017
--------------------------------------
 
--------------------------------------
Starting Mint bash script:
Thu Mar 16 11:58:59 PDT 2017
 
Starting main.py:
 
 
Finished main.py:
Finished bash script:
Thu Mar 16 12:00:00 PDT 2017
--------------------------------------
 
--------------------------------------
Starting Mint bash script:
Sat Mar 18 13:51:22 PDT 2017
 
Starting main.py:
 
 
Finished main.py:
Finished bash script:
Sat Mar 18 13:52:23 PDT 2017
--------------------------------------
 
--------------------------------------
Starting Mint bash script:
Tue Mar 21 10:02:07 PDT 2017
 
Starting main.py:
 
 
Finished main.py:
Finished bash script:
Tue Mar 21 10:05:07 PDT 2017
--------------------------------------
 
--------------------------------------
Starting Mint bash script:
Thu Mar 23 14:24:52 PDT 2017
 
Starting main.py:
 
 
Finished main.py:
Finished bash script:
Thu Mar 23 14:25:53 PDT 2017
--------------------------------------
 
--------------------------------------
Starting Mint bash script:
Sat Mar 25 17:12:07 PDT 2017
 
Starting main.py:
 
 
Finished main.py:
Finished bash script:
Sat Mar 25 17:13:08 PDT 2017
--------------------------------------
 
--------------------------------------
Starting Mint bash script:
Mon Mar 27 20:23:36 PDT 2017
 
Starting main.py:
 
 
Finished main.py:
Finished bash script:
Mon Mar 27 20:24:36 PDT 2017
--------------------------------------
 
--------------------------------------
Starting Mint bash script:
Tue Mar 28 17:30:55 PDT 2017
 
Starting main.py:
 
 
Finished main.py:
Finished bash script:
Tue Mar 28 17:31:56 PDT 2017
--------------------------------------
 
--------------------------------------
Starting Mint bash script:
Wed Mar 29 10:22:29 PDT 2017
 
Starting main.py:
 
 
Finished main.py:
Finished bash script:
Wed Mar 29 10:23:31 PDT 2017
--------------------------------------
 
--------------------------------------
Starting Mint bash script:
Sat Apr  1 11:01:01 PDT 2017
 
Starting main.py:
 
 
Finished main.py:
Finished bash script:
Sat Apr  1 11:02:02 PDT 2017
--------------------------------------
 
--------------------------------------
Starting Mint bash script:
Sun Apr  2 21:35:03 PDT 2017
 
Starting main.py:
 
 
Finished main.py:
Finished bash script:
Sun Apr  2 21:36:04 PDT 2017
--------------------------------------
 
--------------------------------------
Starting Mint bash script:
Mon Apr  3 12:30:09 PDT 2017
 
Starting main.py:
 
 
Finished main.py:
Finished bash script:
Mon Apr  3 12:31:11 PDT 2017
--------------------------------------
 
--------------------------------------
Starting Mint bash script:
Wed Apr  5 14:03:40 PDT 2017
 
Starting main.py:
 
 
Finished main.py:
Finished bash script:
Wed Apr  5 14:04:40 PDT 2017
--------------------------------------
 
--------------------------------------
Starting Mint bash script:
Sat Apr  8 23:10:11 PDT 2017
 
Starting main.py:
 
 
Finished main.py:
Finished bash script:
Sat Apr  8 23:11:12 PDT 2017
--------------------------------------
 
--------------------------------------
Starting Mint bash script:
Tue Apr 11 14:10:04 PDT 2017
 
Starting main.py:
 
 
Finished main.py:
Finished bash script:
Tue Apr 11 14:11:05 PDT 2017
--------------------------------------
 
--------------------------------------
Starting Mint bash script:
Thu Apr 13 09:39:39 PDT 2017
 
Starting main.py:
 
 
Finished main.py:
Finished bash script:
Thu Apr 13 09:40:40 PDT 2017
--------------------------------------
 
--------------------------------------
Starting Mint bash script:
Sat Apr 15 11:11:56 PDT 2017
 
Starting main.py:
 
 
Finished main.py:
Finished bash script:
Sat Apr 15 11:12:56 PDT 2017
--------------------------------------
 
--------------------------------------
Starting Mint bash script:
Mon Apr 17 15:08:59 PDT 2017
 
Starting main.py:
 
 
Finished main.py:
Finished bash script:
Mon Apr 17 15:10:01 PDT 2017
--------------------------------------
 
--------------------------------------
Starting Mint bash script:
Mon Apr 17 22:01:05 PDT 2017
 
Starting main.py:
 
 
Finished main.py:
Finished bash script:
Mon Apr 17 22:02:07 PDT 2017
--------------------------------------
 
--------------------------------------
Starting Mint bash script:
Wed Apr 19 18:38:31 PDT 2017
 
Starting main.py:
 
 
Finished main.py:
Finished bash script:
Wed Apr 19 18:39:32 PDT 2017
--------------------------------------
 
--------------------------------------
Starting Mint bash script:
Mon Apr 24 15:42:45 PDT 2017
 
Starting main.py:
 
 
Finished main.py:
Finished bash script:
Mon Apr 24 15:43:46 PDT 2017
--------------------------------------
 
--------------------------------------
Starting Mint bash script:
Thu Apr 27 11:03:21 PDT 2017
 
Starting main.py:
 
 
Finished main.py:
Finished bash script:
Thu Apr 27 11:04:21 PDT 2017
--------------------------------------
 
--------------------------------------
Starting Mint bash script:
Mon May  1 17:11:01 PDT 2017
 
Starting main.py:
 
 
Finished main.py:
Finished bash script:
Mon May  1 17:12:03 PDT 2017
--------------------------------------
 
--------------------------------------
Starting Mint bash script:
Wed May  3 15:38:07 PDT 2017
 
Starting main.py:
 
 
Finished main.py:
Finished bash script:
Wed May  3 15:39:08 PDT 2017
--------------------------------------
 
--------------------------------------
Starting Mint bash script:
Fri May  5 09:57:45 PDT 2017
 
Starting main.py:
 
 
Finished main.py:
Finished bash script:
Fri May  5 09:58:47 PDT 2017
--------------------------------------
 
--------------------------------------
Starting Mint bash script:
Fri May  5 10:41:40 PDT 2017
 
Starting main.py:
 
 
Finished main.py:
Finished bash script:
Fri May  5 10:42:42 PDT 2017
--------------------------------------
 
--------------------------------------
Starting Mint bash script:
Mon May  8 12:11:19 PDT 2017
 
Starting main.py:
 
 
Finished main.py:
Finished bash script:
Mon May  8 12:12:19 PDT 2017
--------------------------------------
 
--------------------------------------
Starting Mint bash script:
Tue May  9 10:30:35 PDT 2017
 
Starting main.py:
 
 
Finished main.py:
Finished bash script:
Tue May  9 10:31:37 PDT 2017
--------------------------------------
 
--------------------------------------
Starting Mint bash script:
Wed May 10 11:24:24 PDT 2017
 
Starting main.py:
 
 
Finished main.py:
Finished bash script:
Wed May 10 11:25:25 PDT 2017
--------------------------------------
 
--------------------------------------
Starting Mint bash script:
Thu May 11 21:56:15 PDT 2017
 
Starting main.py:
 
 
Finished main.py:
Finished bash script:
Thu May 11 21:57:17 PDT 2017
--------------------------------------
 
--------------------------------------
Starting Mint bash script:
Tue May 16 14:59:47 PDT 2017
 
Starting main.py:
 
 
Finished main.py:
Finished bash script:
Tue May 16 15:00:48 PDT 2017
--------------------------------------
 
--------------------------------------
Starting Mint bash script:
Thu May 18 15:19:42 PDT 2017
 
Starting main.py:
 
 
Finished main.py:
Finished bash script:
Thu May 18 15:20:44 PDT 2017
--------------------------------------
 
--------------------------------------
Starting Mint bash script:
Mon May 22 00:08:09 PDT 2017
 
Starting main.py:
 
 
Finished main.py:
Finished bash script:
Mon May 22 00:09:10 PDT 2017
--------------------------------------
 
--------------------------------------
Starting Mint bash script:
Tue May 23 10:40:03 PDT 2017
 
Starting main.py:
 
 
Finished main.py:
Finished bash script:
Tue May 23 10:41:06 PDT 2017
--------------------------------------
 
--------------------------------------
Starting Mint bash script:
Wed May 24 13:04:26 PDT 2017
 
Starting main.py:
 
 
Finished main.py:
Finished bash script:
Wed May 24 13:05:28 PDT 2017
--------------------------------------
 
--------------------------------------
Starting Mint bash script:
Thu May 25 16:21:54 PDT 2017
 
Starting main.py:
 
 
Finished main.py:
Finished bash script:
Thu May 25 16:22:56 PDT 2017
--------------------------------------
 
--------------------------------------
Starting Mint bash script:
Tue May 30 17:00:46 PDT 2017
 
Starting main.py:
 
 
Finished main.py:
Finished bash script:
Tue May 30 17:01:47 PDT 2017
--------------------------------------
 
--------------------------------------
Starting Mint bash script:
Wed May 31 09:36:14 PDT 2017
 
Starting main.py:
 
 
Finished main.py:
Finished bash script:
Wed May 31 09:37:16 PDT 2017
--------------------------------------
 
--------------------------------------
Starting Mint bash script:
Fri Jun  2 10:15:09 PDT 2017
 
Starting main.py:
 
 
Finished main.py:
Finished bash script:
Fri Jun  2 10:16:10 PDT 2017
--------------------------------------
 
--------------------------------------
Starting Mint bash script:
Sun Jun  4 10:38:14 PDT 2017
 
Starting main.py:
 
 
Finished main.py:
Finished bash script:
Sun Jun  4 10:39:15 PDT 2017
--------------------------------------
 
--------------------------------------
Starting Mint bash script:
Tue Jun  6 10:59:20 PDT 2017
 
Starting main.py:
 
 
Finished main.py:
Finished bash script:
Tue Jun  6 11:00:21 PDT 2017
--------------------------------------
 
--------------------------------------
Starting Mint bash script:
Thu Jun  8 15:59:00 PDT 2017
 
Starting main.py:
 
 
Finished main.py:
Finished bash script:
Thu Jun  8 16:00:01 PDT 2017
--------------------------------------
 
--------------------------------------
Starting Mint bash script:
Mon Jun 12 13:09:52 PDT 2017
 
Starting main.py:
 
 
Finished main.py:
Finished bash script:
Mon Jun 12 13:10:52 PDT 2017
--------------------------------------
 
--------------------------------------
Starting Mint bash script:
Wed Jun 14 22:23:21 PDT 2017
 
Starting main.py:
 
 
Finished main.py:
Finished bash script:
Wed Jun 14 22:24:24 PDT 2017
--------------------------------------
 
--------------------------------------
Starting Mint bash script:
Thu Jun 15 23:22:13 PDT 2017
 
Starting main.py:
 
 
Finished main.py:
Finished bash script:
Thu Jun 15 23:23:14 PDT 2017
--------------------------------------
 
--------------------------------------
Starting Mint bash script:
Fri Jun 16 12:27:48 PDT 2017
 
Starting main.py:
 
 
Finished main.py:
Finished bash script:
Fri Jun 16 12:28:52 PDT 2017
--------------------------------------
 
--------------------------------------
Starting Mint bash script:
Fri Jun 16 14:07:21 PDT 2017
 
Starting main.py:
 
 
Finished main.py:
Finished bash script:
Fri Jun 16 14:08:23 PDT 2017
--------------------------------------
 
--------------------------------------
Starting Mint bash script:
Fri Jun 16 14:19:06 PDT 2017
 
Starting main.py:
 
 
Finished main.py:
Finished bash script:
Fri Jun 16 14:20:09 PDT 2017
--------------------------------------
 
--------------------------------------
Starting Mint bash script:
Mon Jun 19 11:16:12 PDT 2017
 
Starting main.py:
 
 
Finished main.py:
Finished bash script:
Mon Jun 19 11:17:13 PDT 2017
--------------------------------------
 
--------------------------------------
Starting Mint bash script:
Wed Jun 21 23:59:43 PDT 2017
 
Starting main.py:
 
 
Finished main.py:
Finished bash script:
Thu Jun 22 00:00:44 PDT 2017
--------------------------------------
 
--------------------------------------
Starting Mint bash script:
Fri Jun 23 10:25:01 PDT 2017
 
Starting main.py:
 
 
Finished main.py:
Finished bash script:
Fri Jun 23 10:26:03 PDT 2017
--------------------------------------
 
--------------------------------------
Starting Mint bash script:
Mon Jun 26 09:47:45 PDT 2017
 
Starting main.py:
 
 
Finished main.py:
Finished bash script:
Mon Jun 26 09:48:48 PDT 2017
--------------------------------------
 
--------------------------------------
Starting Mint bash script:
Tue Jun 27 22:49:59 PDT 2017
 
Starting main.py:
 
 
Finished main.py:
Finished bash script:
Tue Jun 27 22:51:00 PDT 2017
--------------------------------------
 
--------------------------------------
Starting Mint bash script:
Sat Jul  1 14:42:48 PDT 2017
 
Starting main.py:
 
 
Finished main.py:
Finished bash script:
Sat Jul  1 14:43:51 PDT 2017
--------------------------------------
 
--------------------------------------
Starting Mint bash script:
Tue Jul  4 00:16:41 PDT 2017
 
Starting main.py:
 
 
Finished main.py:
Finished bash script:
Tue Jul  4 00:19:06 PDT 2017
--------------------------------------
 
--------------------------------------
Starting Mint bash script:
Thu Jul  6 11:19:00 PDT 2017
 
Starting main.py:
 
 
Finished main.py:
Finished bash script:
Thu Jul  6 11:20:07 PDT 2017
--------------------------------------
 
--------------------------------------
Starting Mint bash script:
Fri Jul  7 08:31:10 PDT 2017
 
Starting main.py:
 
 
Finished main.py:
Finished bash script:
Fri Jul  7 08:33:12 PDT 2017
--------------------------------------
 
--------------------------------------
Starting Mint bash script:
Fri Jul  7 18:29:02 PDT 2017
 
Starting main.py:
 
 
Finished main.py:
Finished bash script:
Fri Jul  7 18:30:04 PDT 2017
--------------------------------------
 
--------------------------------------
Starting Mint bash script:
Sun Jul  9 02:37:43 PDT 2017
 
Starting main.py:
 
 
Finished main.py:
Finished bash script:
Sun Jul  9 02:38:45 PDT 2017
--------------------------------------
 
--------------------------------------
Starting Mint bash script:
Sun Jul  9 03:33:41 PDT 2017
 
Starting main.py:
 
 
Finished main.py:
Finished bash script:
Sun Jul  9 03:34:42 PDT 2017
--------------------------------------
 
--------------------------------------
Starting Mint bash script:
Mon Jul 10 09:57:19 PDT 2017
 
Starting main.py:
 
 
Finished main.py:
Finished bash script:
Mon Jul 10 09:58:21 PDT 2017
--------------------------------------
 
--------------------------------------
Starting Mint bash script:
Mon Jul 10 10:51:35 PDT 2017
 
Starting main.py:
 
 
Finished main.py:
Finished bash script:
Mon Jul 10 10:52:37 PDT 2017
--------------------------------------
 
--------------------------------------
Starting Mint bash script:
Tue Jul 11 22:45:15 PDT 2017
 
Starting main.py:
 
 
Finished main.py:
Finished bash script:
Tue Jul 11 22:46:16 PDT 2017
--------------------------------------
 
--------------------------------------
Starting Mint bash script:
Thu Jul 13 12:15:53 PDT 2017
 
Starting main.py:
 
 
Finished main.py:
Finished bash script:
Thu Jul 13 12:16:57 PDT 2017
--------------------------------------
 
--------------------------------------
Starting Mint bash script:
Thu Jul 13 17:36:45 PDT 2017
 
Starting main.py:
 
 
Finished main.py:
Finished bash script:
Thu Jul 13 17:37:48 PDT 2017
--------------------------------------
 
--------------------------------------
Starting Mint bash script:
Sun Jul 16 12:53:14 PDT 2017
 
Starting main.py:
 
 
Finished main.py:
Finished bash script:
Sun Jul 16 12:54:14 PDT 2017
--------------------------------------
 
--------------------------------------
Starting Mint bash script:
Mon Jul 17 10:50:20 PDT 2017
 
Starting main.py:
 
 
Finished main.py:
Finished bash script:
Mon Jul 17 10:51:22 PDT 2017
--------------------------------------
 
--------------------------------------
Starting Mint bash script:
Wed Jul 19 12:59:55 PDT 2017
 
Starting main.py:
 
 
Finished main.py:
Finished bash script:
Wed Jul 19 13:00:56 PDT 2017
--------------------------------------
 
--------------------------------------
Starting Mint bash script:
Fri Jul 21 15:29:57 PDT 2017
 
Starting main.py:
 
 
Finished main.py:
Finished bash script:
Fri Jul 21 15:30:58 PDT 2017
--------------------------------------
 
--------------------------------------
Starting Mint bash script:
Mon Jul 24 09:46:51 PDT 2017
 
Starting main.py:
 
 
Finished main.py:
Finished bash script:
Mon Jul 24 09:47:55 PDT 2017
--------------------------------------
 
--------------------------------------
Starting Mint bash script:
Mon Jul 24 09:49:36 PDT 2017
 
Starting main.py:
 
 
Finished main.py:
Finished bash script:
Mon Jul 24 09:50:39 PDT 2017
--------------------------------------
 
--------------------------------------
Starting Mint bash script:
Tue Jul 25 22:15:18 PDT 2017
 
Starting main.py:
 
 
Finished main.py:
Finished bash script:
Tue Jul 25 22:16:19 PDT 2017
--------------------------------------
 
--------------------------------------
Starting Mint bash script:
Fri Jul 28 13:13:26 PDT 2017
 
Starting main.py:
 
 
Finished main.py:
Finished bash script:
Fri Jul 28 13:14:27 PDT 2017
--------------------------------------
 
--------------------------------------
Starting Mint bash script:
Mon Jul 31 15:26:45 PDT 2017
 
Starting main.py:
 
 
Finished main.py:
Finished bash script:
Mon Jul 31 15:27:46 PDT 2017
--------------------------------------
 
--------------------------------------
Starting Mint bash script:
Tue Aug  1 10:59:54 PDT 2017
 
Starting main.py:
 
 
Finished main.py:
Finished bash script:
Tue Aug  1 11:00:57 PDT 2017
--------------------------------------
 
--------------------------------------
Starting Mint bash script:
Thu Aug  3 17:00:16 PDT 2017
 
Starting main.py:
 
 
Finished main.py:
Finished bash script:
Thu Aug  3 17:01:17 PDT 2017
--------------------------------------
 
--------------------------------------
Starting Mint bash script:
Sun Aug  6 17:47:07 PDT 2017
 
Starting main.py:
 
 
Finished main.py:
Finished bash script:
Sun Aug  6 17:48:07 PDT 2017
--------------------------------------
 
--------------------------------------
Starting Mint bash script:
Tue Aug  8 12:26:24 PDT 2017
 
Starting main.py:
 
 
Finished main.py:
Finished bash script:
Tue Aug  8 12:27:27 PDT 2017
--------------------------------------
 
--------------------------------------
Starting Mint bash script:
Thu Aug 10 14:50:27 PDT 2017
 
Starting main.py:
 
 
Finished main.py:
Finished bash script:
Thu Aug 10 14:51:27 PDT 2017
--------------------------------------
 
--------------------------------------
Starting Mint bash script:
Fri Aug 18 15:15:23 PDT 2017
 
Starting main.py:
 
 
Finished main.py:
Finished bash script:
Fri Aug 18 15:16:51 PDT 2017
--------------------------------------
 
--------------------------------------
Starting Mint bash script:
Mon Aug 21 08:38:25 PDT 2017
 
Starting main.py:
 
 
Finished main.py:
Finished bash script:
Mon Aug 21 08:39:27 PDT 2017
--------------------------------------
 
--------------------------------------
Starting Mint bash script:
Wed Aug 23 13:57:19 PDT 2017
 
Starting main.py:
 
 
Finished main.py:
Finished bash script:
Wed Aug 23 14:00:19 PDT 2017
--------------------------------------
 
--------------------------------------
Starting Mint bash script:
Sat Aug 26 13:45:11 PDT 2017
 
Starting main.py:
 
 
Finished main.py:
Finished bash script:
Sat Aug 26 13:46:12 PDT 2017
--------------------------------------
 
--------------------------------------
Starting Mint bash script:
Mon Aug 28 13:34:00 PDT 2017
 
Starting main.py:
 
 
Finished main.py:
Finished bash script:
Mon Aug 28 13:35:03 PDT 2017
--------------------------------------
 
--------------------------------------
Starting Mint bash script:
Wed Aug 30 22:11:12 PDT 2017
 
Starting main.py:
 
 
Finished main.py:
Finished bash script:
Wed Aug 30 22:16:17 PDT 2017
--------------------------------------
 
--------------------------------------
Starting Mint bash script:
Tue Sep  5 17:30:11 PDT 2017
 
Starting main.py:
 
 
Finished main.py:
Finished bash script:
Tue Sep  5 17:31:28 PDT 2017
--------------------------------------
 
--------------------------------------
Starting Mint bash script:
Thu Sep  7 23:33:04 PDT 2017
 
Starting main.py:
 
 
Finished main.py:
Finished bash script:
Thu Sep  7 23:34:11 PDT 2017
--------------------------------------
 
--------------------------------------
Starting Mint bash script:
Tue Sep 12 14:21:42 PDT 2017
 
Starting main.py:
 
 
Finished main.py:
Finished bash script:
Tue Sep 12 14:23:36 PDT 2017
--------------------------------------
 
--------------------------------------
Starting Mint bash script:
Fri Sep 15 00:59:44 PDT 2017
 
Starting main.py:
 
 
Finished main.py:
Finished bash script:
Fri Sep 15 01:00:45 PDT 2017
--------------------------------------
 
--------------------------------------
Starting Mint bash script:
Sun Sep 17 13:49:25 PDT 2017
 
Starting main.py:
 
 
Finished main.py:
Finished bash script:
Sun Sep 17 13:50:44 PDT 2017
--------------------------------------
 
--------------------------------------
Starting Mint bash script:
Tue Sep 19 16:53:40 PDT 2017
 
Starting main.py:
 
 
Finished main.py:
Finished bash script:
Tue Sep 19 16:54:56 PDT 2017
--------------------------------------
 
--------------------------------------
Starting Mint bash script:
Tue Sep 19 23:33:45 PDT 2017
 
Starting main.py:
 
 
Finished main.py:
Finished bash script:
Tue Sep 19 23:34:48 PDT 2017
--------------------------------------
 
--------------------------------------
Starting Mint bash script:
Thu Sep 21 12:55:14 PDT 2017
 
Starting main.py:
 
 
Finished main.py:
Finished bash script:
Thu Sep 21 12:56:25 PDT 2017
--------------------------------------
 
--------------------------------------
Starting Mint bash script:
Mon Sep 25 08:45:22 PDT 2017
 
Starting main.py:
 
 
Finished main.py:
Finished bash script:
Mon Sep 25 08:46:23 PDT 2017
--------------------------------------
 
--------------------------------------
Starting Mint bash script:
Wed Sep 27 10:41:15 PDT 2017
 
Starting main.py:
 
 
Finished main.py:
Finished bash script:
Wed Sep 27 10:42:15 PDT 2017
--------------------------------------
 
--------------------------------------
Starting Mint bash script:
Fri Sep 29 11:04:39 PDT 2017
 
Starting main.py:
 
 
Finished main.py:
Finished bash script:
Fri Sep 29 11:05:40 PDT 2017
--------------------------------------
 
--------------------------------------
Starting Mint bash script:
Fri Sep 29 16:04:53 PDT 2017
 
Starting main.py:
 
 
Finished main.py:
Finished bash script:
Fri Sep 29 16:05:55 PDT 2017
--------------------------------------
 
--------------------------------------
Starting Mint bash script:
Sat Sep 30 19:14:49 PDT 2017
 
Starting main.py:
 
 
Finished main.py:
Finished bash script:
Sat Sep 30 19:15:50 PDT 2017
--------------------------------------
 
--------------------------------------
Starting Mint bash script:
Tue Oct  3 01:07:55 PDT 2017
 
Starting main.py:
 
 
Finished main.py:
Finished bash script:
Tue Oct  3 01:08:57 PDT 2017
--------------------------------------
 
--------------------------------------
Starting Mint bash script:
Tue Oct  3 10:59:53 PDT 2017
 
Starting main.py:
 
 
Finished main.py:
Finished bash script:
Tue Oct  3 11:00:55 PDT 2017
--------------------------------------
 
--------------------------------------
Starting Mint bash script:
Thu Oct  5 21:37:44 PDT 2017
 
Starting main.py:
 
 
Finished main.py:
Finished bash script:
Thu Oct  5 22:23:05 PDT 2017
--------------------------------------
 
--------------------------------------
Starting Mint bash script:
Sat Oct  7 00:30:58 PDT 2017
 
Starting main.py:
 
 
Finished main.py:
Finished bash script:
Sat Oct  7 00:32:00 PDT 2017
--------------------------------------
